<?xml version="1.0" encoding="UTF-8"?>
<!-- Generated by org.testng.reporters.JUnitXMLReporter -->
<testsuite ignored="0" hostname="Nethra-MacBook-Pro.local" failures="0" tests="2" name="Default test" time="2.759" errors="0" timestamp="20 Jan 2023 09:50:58 GMT">
  <testcase classname="com.testvagrant.tests.TestVagrant" name="validateFourForeignPlayers" time="2.642"/>
  <testcase classname="com.testvagrant.tests.TestVagrant" name="validateWicketKeeperInTeam" time="0.064"/>
</testsuite> <!-- Default test -->
