<?xml version="1.0" encoding="UTF-8"?>
<testng-results ignored="0" total="2" passed="2" failed="0" skipped="0">
  <reporter-output>
  </reporter-output>
  <suite started-at="2023-01-20T09:50:50Z" name="Default suite" finished-at="2023-01-20T09:50:53Z" duration-ms="2759">
    <groups>
    </groups>
    <test started-at="2023-01-20T09:50:50Z" name="Default test" finished-at="2023-01-20T09:50:53Z" duration-ms="2759">
      <class name="com.testvagrant.tests.TestVagrant">
        <test-method signature="validateFourForeignPlayers()[pri:0, instance:com.testvagrant.tests.TestVagrant@39d9314d]" started-at="2023-01-20T09:50:50Z" name="validateFourForeignPlayers" finished-at="2023-01-20T09:50:53Z" duration-ms="2642" status="PASS">
          <reporter-output>
          </reporter-output>
        </test-method> <!-- validateFourForeignPlayers -->
        <test-method signature="validateWicketKeeperInTeam()[pri:0, instance:com.testvagrant.tests.TestVagrant@39d9314d]" started-at="2023-01-20T09:50:53Z" name="validateWicketKeeperInTeam" finished-at="2023-01-20T09:50:53Z" duration-ms="64" status="PASS">
          <reporter-output>
          </reporter-output>
        </test-method> <!-- validateWicketKeeperInTeam -->
      </class> <!-- com.testvagrant.tests.TestVagrant -->
    </test> <!-- Default test -->
  </suite> <!-- Default suite -->
</testng-results>
